<?xml version="1.0" encoding="UTF-8"?>
<!-- Generated by org.testng.reporters.JUnitReportReporter -->
<testsuite hostname="SREEKESH" failures="0" tests="2" name="testngpkg.crossbrower" time="4.012" errors="0" timestamp="2024-06-18T11:08:30 IST" skipped="0">
  <testcase classname="testngpkg.crossbrower" name="test" time="1.855"/>
  <system-out/>
  <testcase classname="testngpkg.crossbrower" name="test" time="2.157"/>
  <system-out/>
</testsuite> <!-- testngpkg.crossbrower -->
