<?xml version="1.0" encoding="UTF-8"?>
<!-- Generated by org.testng.reporters.JUnitReportReporter -->
<testsuite hostname="SREEKESH" failures="0" tests="1" name="testngpkg.impicitexplicitprgrm" time="0.287" errors="0" timestamp="2024-06-20T18:16:44 IST" skipped="0">
  <testcase classname="testngpkg.impicitexplicitprgrm" name="test" time="0.287"/>
  <system-out/>
</testsuite> <!-- testngpkg.impicitexplicitprgrm -->
