<?xml version="1.0" encoding="UTF-8"?>
<!-- Generated by org.testng.reporters.JUnitReportReporter -->
<testsuite hostname="SREEKESH" failures="0" tests="1" name="testngpkg.facebookxmlfile" time="20.981" errors="0" timestamp="2024-06-13T11:59:41 IST" skipped="0">
  <testcase classname="testngpkg.facebookxmlfile" name="test" time="20.981"/>
  <system-out/>
</testsuite> <!-- testngpkg.facebookxmlfile -->
