<?xml version="1.0" encoding="UTF-8"?>
<!-- Generated by org.testng.reporters.JUnitReportReporter -->
<testsuite hostname="SREEKESH" failures="0" tests="1" name="testngpkg.multiplewindowhandlerguru" time="5.191" errors="0" timestamp="2024-06-28T09:59:22 IST" skipped="0">
  <testcase classname="testngpkg.multiplewindowhandlerguru" name="test" time="5.191"/>
  <system-out/>
</testsuite> <!-- testngpkg.multiplewindowhandlerguru -->
