<?xml version="1.0" encoding="UTF-8"?>
<!-- Generated by org.testng.reporters.JUnitReportReporter -->
<testsuite hostname="SREEKESH" failures="0" tests="2" name="testngpkg.demotestprgm" time="0.021" errors="0" timestamp="2024-06-12T14:29:43 IST" skipped="1">
  <testcase classname="testngpkg.demotestprgm" name="test" time="0.021"/>
  <system-out/>
  <testcase classname="testngpkg.demotestprgm" name="test2">
    <skipped/>
  </testcase> <!-- test2 -->
  <system-out/>
</testsuite> <!-- testngpkg.demotestprgm -->
