<?xml version="1.0" encoding="UTF-8"?>
<!-- Generated by org.testng.reporters.JUnitReportReporter -->
<testsuite hostname="SREEKESH" failures="0" tests="1" name="testngpkg.lovepdfconvfileuploadautoil3" time="5.864" errors="0" timestamp="2024-06-26T11:32:05 IST" skipped="0">
  <testcase classname="testngpkg.lovepdfconvfileuploadautoil3" name="test" time="5.864"/>
  <system-out/>
</testsuite> <!-- testngpkg.lovepdfconvfileuploadautoil3 -->
