<?xml version="1.0" encoding="UTF-8"?>
<!-- Generated by org.testng.reporters.JUnitReportReporter -->
<testsuite hostname="SREEKESH" failures="0" tests="1" name="testngpkg.guru99draganddropprgm" time="0.979" errors="0" timestamp="2024-06-20T18:18:23 IST" skipped="0">
  <testcase classname="testngpkg.guru99draganddropprgm" name="test" time="0.979"/>
  <system-out/>
</testsuite> <!-- testngpkg.guru99draganddropprgm -->
