<?xml version="1.0" encoding="UTF-8"?>
<!-- Generated by org.testng.reporters.JUnitReportReporter -->
<testsuite hostname="SREEKESH" failures="0" tests="4" name="testngpkg.groupingxmlfirstprgm" time="0.031" errors="0" timestamp="2024-06-12T15:41:49 IST" skipped="0">
  <testcase classname="testngpkg.groupingxmlfirstprgm" name="test4" time="0.003"/>
  <system-out/>
  <testcase classname="testngpkg.groupingxmlfirstprgm" name="test5" time="0.003"/>
  <system-out/>
  <testcase classname="testngpkg.groupingxmlfirstprgm" name="test" time="0.022"/>
  <system-out/>
  <testcase classname="testngpkg.groupingxmlfirstprgm" name="test6" time="0.003"/>
  <system-out/>
</testsuite> <!-- testngpkg.groupingxmlfirstprgm -->
