<?xml version="1.0" encoding="UTF-8"?>
<!-- Generated by org.testng.reporters.JUnitReportReporter -->
<testsuite hostname="SREEKESH" failures="0" tests="1" name="testngpkg.copypasteactionprgrm" time="1.013" errors="0" timestamp="2024-06-19T11:48:42 IST" skipped="0">
  <testcase classname="testngpkg.copypasteactionprgrm" name="test" time="1.013"/>
  <system-out/>
</testsuite> <!-- testngpkg.copypasteactionprgrm -->
